{"/home/matheus/Projects/amplenote_plugins/periodic_notes/lib/plugin.js": {"path":"/home/matheus/Projects/amplenote_plugins/periodic_notes/lib/plugin.js","statementMap":{"0":{"start":{"line":4,"column":15},"end":{"line":120,"column":1}},"1":{"start":{"line":16,"column":27},"end":{"line":16,"column":75}},"2":{"start":{"line":18,"column":6},"end":{"line":21,"column":7}},"3":{"start":{"line":19,"column":8},"end":{"line":19,"column":105}},"4":{"start":{"line":20,"column":8},"end":{"line":20,"column":15}},"5":{"start":{"line":23,"column":21},"end":{"line":27,"column":8}},"6":{"start":{"line":29,"column":22},"end":{"line":29,"column":50}},"7":{"start":{"line":31,"column":6},"end":{"line":33,"column":7}},"8":{"start":{"line":32,"column":8},"end":{"line":32,"column":27}},"9":{"start":{"line":37,"column":27},"end":{"line":37,"column":76}},"10":{"start":{"line":39,"column":6},"end":{"line":42,"column":7}},"11":{"start":{"line":40,"column":8},"end":{"line":40,"column":106}},"12":{"start":{"line":41,"column":8},"end":{"line":41,"column":15}},"13":{"start":{"line":44,"column":21},"end":{"line":48,"column":8}},"14":{"start":{"line":50,"column":22},"end":{"line":50,"column":50}},"15":{"start":{"line":52,"column":6},"end":{"line":54,"column":7}},"16":{"start":{"line":53,"column":8},"end":{"line":53,"column":27}},"17":{"start":{"line":58,"column":27},"end":{"line":58,"column":77}},"18":{"start":{"line":60,"column":6},"end":{"line":63,"column":7}},"19":{"start":{"line":61,"column":8},"end":{"line":61,"column":107}},"20":{"start":{"line":62,"column":8},"end":{"line":62,"column":15}},"21":{"start":{"line":65,"column":21},"end":{"line":69,"column":8}},"22":{"start":{"line":71,"column":22},"end":{"line":71,"column":50}},"23":{"start":{"line":73,"column":6},"end":{"line":75,"column":7}},"24":{"start":{"line":74,"column":8},"end":{"line":74,"column":27}},"25":{"start":{"line":79,"column":27},"end":{"line":79,"column":78}},"26":{"start":{"line":81,"column":6},"end":{"line":84,"column":7}},"27":{"start":{"line":82,"column":8},"end":{"line":82,"column":108}},"28":{"start":{"line":83,"column":8},"end":{"line":83,"column":15}},"29":{"start":{"line":86,"column":21},"end":{"line":90,"column":8}},"30":{"start":{"line":92,"column":22},"end":{"line":92,"column":50}},"31":{"start":{"line":94,"column":6},"end":{"line":96,"column":7}},"32":{"start":{"line":95,"column":8},"end":{"line":95,"column":27}},"33":{"start":{"line":100,"column":27},"end":{"line":100,"column":76}},"34":{"start":{"line":102,"column":6},"end":{"line":105,"column":7}},"35":{"start":{"line":103,"column":8},"end":{"line":103,"column":106}},"36":{"start":{"line":104,"column":8},"end":{"line":104,"column":15}},"37":{"start":{"line":107,"column":21},"end":{"line":111,"column":8}},"38":{"start":{"line":113,"column":22},"end":{"line":113,"column":50}},"39":{"start":{"line":115,"column":6},"end":{"line":117,"column":7}},"40":{"start":{"line":116,"column":8},"end":{"line":116,"column":27}}},"fnMap":{"0":{"name":"(anonymous_0)","decl":{"start":{"line":15,"column":23},"end":{"line":15,"column":24}},"loc":{"start":{"line":15,"column":44},"end":{"line":34,"column":5}},"line":15},"1":{"name":"(anonymous_1)","decl":{"start":{"line":36,"column":24},"end":{"line":36,"column":25}},"loc":{"start":{"line":36,"column":45},"end":{"line":55,"column":5}},"line":36},"2":{"name":"(anonymous_2)","decl":{"start":{"line":57,"column":25},"end":{"line":57,"column":26}},"loc":{"start":{"line":57,"column":46},"end":{"line":76,"column":5}},"line":57},"3":{"name":"(anonymous_3)","decl":{"start":{"line":78,"column":26},"end":{"line":78,"column":27}},"loc":{"start":{"line":78,"column":47},"end":{"line":97,"column":5}},"line":78},"4":{"name":"(anonymous_4)","decl":{"start":{"line":99,"column":24},"end":{"line":99,"column":25}},"loc":{"start":{"line":99,"column":45},"end":{"line":118,"column":5}},"line":99}},"branchMap":{"0":{"loc":{"start":{"line":18,"column":6},"end":{"line":21,"column":7}},"type":"if","locations":[{"start":{"line":18,"column":6},"end":{"line":21,"column":7}},{"start":{},"end":{}}],"line":18},"1":{"loc":{"start":{"line":31,"column":6},"end":{"line":33,"column":7}},"type":"if","locations":[{"start":{"line":31,"column":6},"end":{"line":33,"column":7}},{"start":{},"end":{}}],"line":31},"2":{"loc":{"start":{"line":39,"column":6},"end":{"line":42,"column":7}},"type":"if","locations":[{"start":{"line":39,"column":6},"end":{"line":42,"column":7}},{"start":{},"end":{}}],"line":39},"3":{"loc":{"start":{"line":52,"column":6},"end":{"line":54,"column":7}},"type":"if","locations":[{"start":{"line":52,"column":6},"end":{"line":54,"column":7}},{"start":{},"end":{}}],"line":52},"4":{"loc":{"start":{"line":60,"column":6},"end":{"line":63,"column":7}},"type":"if","locations":[{"start":{"line":60,"column":6},"end":{"line":63,"column":7}},{"start":{},"end":{}}],"line":60},"5":{"loc":{"start":{"line":73,"column":6},"end":{"line":75,"column":7}},"type":"if","locations":[{"start":{"line":73,"column":6},"end":{"line":75,"column":7}},{"start":{},"end":{}}],"line":73},"6":{"loc":{"start":{"line":81,"column":6},"end":{"line":84,"column":7}},"type":"if","locations":[{"start":{"line":81,"column":6},"end":{"line":84,"column":7}},{"start":{},"end":{}}],"line":81},"7":{"loc":{"start":{"line":94,"column":6},"end":{"line":96,"column":7}},"type":"if","locations":[{"start":{"line":94,"column":6},"end":{"line":96,"column":7}},{"start":{},"end":{}}],"line":94},"8":{"loc":{"start":{"line":102,"column":6},"end":{"line":105,"column":7}},"type":"if","locations":[{"start":{"line":102,"column":6},"end":{"line":105,"column":7}},{"start":{},"end":{}}],"line":102},"9":{"loc":{"start":{"line":115,"column":6},"end":{"line":117,"column":7}},"type":"if","locations":[{"start":{"line":115,"column":6},"end":{"line":117,"column":7}},{"start":{},"end":{}}],"line":115}},"s":{"0":1,"1":2,"2":2,"3":0,"4":0,"5":2,"6":2,"7":2,"8":1,"9":2,"10":2,"11":0,"12":0,"13":2,"14":2,"15":2,"16":1,"17":2,"18":2,"19":0,"20":0,"21":2,"22":2,"23":2,"24":1,"25":2,"26":2,"27":0,"28":0,"29":2,"30":2,"31":2,"32":1,"33":2,"34":2,"35":0,"36":0,"37":2,"38":2,"39":2,"40":1},"f":{"0":2,"1":2,"2":2,"3":2,"4":2},"b":{"0":[0,2],"1":[1,1],"2":[0,2],"3":[1,1],"4":[0,2],"5":[1,1],"6":[0,2],"7":[1,1],"8":[0,2],"9":[1,1]},"inputSourceMap":null,"_coverageSchema":"1a1c01bbd47fc00a2c39e90264f33305004495a9","hash":"0b1f8707f1a53dfd5771efa583300a08e2aebc04"}
,"/home/matheus/Projects/amplenote_plugins/periodic_notes/lib/utils/noteTemplateMessages.js": {"path":"/home/matheus/Projects/amplenote_plugins/periodic_notes/lib/utils/noteTemplateMessages.js","statementMap":{"0":{"start":{"line":2,"column":2},"end":{"line":2,"column":29}},"1":{"start":{"line":2,"column":17},"end":{"line":2,"column":29}},"2":{"start":{"line":4,"column":2},"end":{"line":22,"column":3}},"3":{"start":{"line":6,"column":6},"end":{"line":6,"column":90}},"4":{"start":{"line":9,"column":6},"end":{"line":9,"column":79}},"5":{"start":{"line":12,"column":6},"end":{"line":12,"column":68}},"6":{"start":{"line":15,"column":6},"end":{"line":15,"column":72}},"7":{"start":{"line":18,"column":6},"end":{"line":18,"column":77}},"8":{"start":{"line":21,"column":6},"end":{"line":21,"column":42}}},"fnMap":{"0":{"name":"messageForNoteResult","decl":{"start":{"line":1,"column":16},"end":{"line":1,"column":36}},"loc":{"start":{"line":1,"column":45},"end":{"line":23,"column":1}},"line":1}},"branchMap":{"0":{"loc":{"start":{"line":2,"column":2},"end":{"line":2,"column":29}},"type":"if","locations":[{"start":{"line":2,"column":2},"end":{"line":2,"column":29}},{"start":{},"end":{}}],"line":2},"1":{"loc":{"start":{"line":4,"column":2},"end":{"line":22,"column":3}},"type":"switch","locations":[{"start":{"line":5,"column":4},"end":{"line":6,"column":90}},{"start":{"line":8,"column":4},"end":{"line":9,"column":79}},{"start":{"line":11,"column":4},"end":{"line":12,"column":68}},{"start":{"line":14,"column":4},"end":{"line":15,"column":72}},{"start":{"line":17,"column":4},"end":{"line":18,"column":77}},{"start":{"line":20,"column":4},"end":{"line":21,"column":42}}],"line":4}},"s":{"0":7,"1":1,"2":6,"3":1,"4":1,"5":1,"6":1,"7":1,"8":1},"f":{"0":7},"b":{"0":[1,6],"1":[1,1,1,1,1,1]},"inputSourceMap":null,"_coverageSchema":"1a1c01bbd47fc00a2c39e90264f33305004495a9","hash":"304baf904da287d5fe7a665dab4450095a336dd3"}
,"/home/matheus/Projects/amplenote_plugins/periodic_notes/lib/utils/noteTemplateService.js": {"path":"/home/matheus/Projects/amplenote_plugins/periodic_notes/lib/utils/noteTemplateService.js","statementMap":{"0":{"start":{"line":3,"column":2},"end":{"line":3,"column":100}},"1":{"start":{"line":5,"column":2},"end":{"line":5,"column":108}},"2":{"start":{"line":7,"column":2},"end":{"line":7,"column":119}},"3":{"start":{"line":9,"column":2},"end":{"line":9,"column":112}},"4":{"start":{"line":11,"column":2},"end":{"line":11,"column":94}},"5":{"start":{"line":13,"column":2},"end":{"line":13,"column":111}},"6":{"start":{"line":15,"column":2},"end":{"line":15,"column":93}},"7":{"start":{"line":17,"column":2},"end":{"line":17,"column":104}},"8":{"start":{"line":19,"column":2},"end":{"line":19,"column":19}},"9":{"start":{"line":24,"column":29},"end":{"line":24,"column":56}},"10":{"start":{"line":25,"column":23},"end":{"line":25,"column":71}},"11":{"start":{"line":26,"column":2},"end":{"line":31,"column":3}},"12":{"start":{"line":27,"column":4},"end":{"line":27,"column":46}},"13":{"start":{"line":28,"column":4},"end":{"line":28,"column":30}},"14":{"start":{"line":30,"column":4},"end":{"line":30,"column":29}},"15":{"start":{"line":36,"column":29},"end":{"line":36,"column":60}},"16":{"start":{"line":39,"column":23},"end":{"line":41,"column":3}},"17":{"start":{"line":40,"column":11},"end":{"line":40,"column":39}},"18":{"start":{"line":44,"column":22},"end":{"line":47,"column":3}},"19":{"start":{"line":50,"column":18},"end":{"line":50,"column":67}},"20":{"start":{"line":51,"column":2},"end":{"line":51,"column":62}},"21":{"start":{"line":53,"column":2},"end":{"line":53,"column":21}},"22":{"start":{"line":57,"column":19},"end":{"line":57,"column":81}},"23":{"start":{"line":59,"column":2},"end":{"line":63,"column":3}},"24":{"start":{"line":60,"column":4},"end":{"line":62,"column":6}},"25":{"start":{"line":65,"column":2},"end":{"line":79,"column":3}},"26":{"start":{"line":66,"column":29},"end":{"line":66,"column":71}},"27":{"start":{"line":68,"column":4},"end":{"line":73,"column":5}},"28":{"start":{"line":69,"column":6},"end":{"line":69,"column":74}},"29":{"start":{"line":70,"column":6},"end":{"line":72,"column":8}},"30":{"start":{"line":75,"column":4},"end":{"line":75,"column":65}},"31":{"start":{"line":76,"column":4},"end":{"line":78,"column":6}},"32":{"start":{"line":82,"column":22},"end":{"line":82,"column":80}},"33":{"start":{"line":84,"column":2},"end":{"line":84,"column":65}},"34":{"start":{"line":86,"column":2},"end":{"line":88,"column":3}}},"fnMap":{"0":{"name":"processNoteTitle","decl":{"start":{"line":1,"column":16},"end":{"line":1,"column":32}},"loc":{"start":{"line":1,"column":44},"end":{"line":20,"column":1}},"line":1},"1":{"name":"findIfNoteExists","decl":{"start":{"line":23,"column":22},"end":{"line":23,"column":38}},"loc":{"start":{"line":23,"column":55},"end":{"line":32,"column":1}},"line":23},"2":{"name":"createNoteFromTemplate","decl":{"start":{"line":35,"column":22},"end":{"line":35,"column":44}},"loc":{"start":{"line":35,"column":75},"end":{"line":54,"column":1}},"line":35},"3":{"name":"(anonymous_3)","decl":{"start":{"line":40,"column":4},"end":{"line":40,"column":5}},"loc":{"start":{"line":40,"column":11},"end":{"line":40,"column":39}},"line":40},"4":{"name":"openPeriodicNote","decl":{"start":{"line":56,"column":22},"end":{"line":56,"column":38}},"loc":{"start":{"line":56,"column":84},"end":{"line":89,"column":1}},"line":56}},"branchMap":{"0":{"loc":{"start":{"line":26,"column":2},"end":{"line":31,"column":3}},"type":"if","locations":[{"start":{"line":26,"column":2},"end":{"line":31,"column":3}},{"start":{},"end":{}}],"line":26},"1":{"loc":{"start":{"line":39,"column":24},"end":{"line":39,"column":43}},"type":"binary-expr","locations":[{"start":{"line":39,"column":24},"end":{"line":39,"column":37}},{"start":{"line":39,"column":41},"end":{"line":39,"column":43}}],"line":39},"2":{"loc":{"start":{"line":56,"column":64},"end":{"line":56,"column":82}},"type":"default-arg","locations":[{"start":{"line":56,"column":80},"end":{"line":56,"column":82}}],"line":56},"3":{"loc":{"start":{"line":59,"column":2},"end":{"line":63,"column":3}},"type":"if","locations":[{"start":{"line":59,"column":2},"end":{"line":63,"column":3}},{"start":{},"end":{}}],"line":59},"4":{"loc":{"start":{"line":68,"column":4},"end":{"line":73,"column":5}},"type":"if","locations":[{"start":{"line":68,"column":4},"end":{"line":73,"column":5}},{"start":{},"end":{}}],"line":68}},"s":{"0":11,"1":11,"2":11,"3":11,"4":11,"5":11,"6":11,"7":11,"8":11,"9":5,"10":5,"11":4,"12":2,"13":2,"14":2,"15":2,"16":2,"17":4,"18":2,"19":2,"20":2,"21":2,"22":4,"23":4,"24":1,"25":3,"26":3,"27":2,"28":1,"29":1,"30":1,"31":1,"32":1,"33":1,"34":1},"f":{"0":11,"1":5,"2":2,"3":4,"4":4},"b":{"0":[2,2],"1":[2,0],"2":[3],"3":[1,3],"4":[1,1]},"inputSourceMap":null,"_coverageSchema":"1a1c01bbd47fc00a2c39e90264f33305004495a9","hash":"1875353e499da45db2294de2d1d0225a7480cc9e"}
}
