TN:
SF:lib/plugin.js
FN:15,(anonymous_0)
FN:29,(anonymous_1)
FN:43,(anonymous_2)
FN:57,(anonymous_3)
FN:71,(anonymous_4)
FNF:5
FNH:5
FNDA:2,(anonymous_0)
FNDA:2,(anonymous_1)
FNDA:2,(anonymous_2)
FNDA:2,(anonymous_3)
FNDA:2,(anonymous_4)
DA:4,1
DA:16,2
DA:22,2
DA:24,2
DA:25,1
DA:30,2
DA:36,2
DA:38,2
DA:39,1
DA:44,2
DA:50,2
DA:52,2
DA:53,1
DA:58,2
DA:64,2
DA:66,2
DA:67,1
DA:72,2
DA:78,2
DA:80,2
DA:81,1
LF:21
LH:21
BRDA:24,0,0,1
BRDA:24,0,1,1
BRDA:38,1,0,1
BRDA:38,1,1,1
BRDA:52,2,0,1
BRDA:52,2,1,1
BRDA:66,3,0,1
BRDA:66,3,1,1
BRDA:80,4,0,1
BRDA:80,4,1,1
BRF:10
BRH:10
end_of_record
TN:
SF:lib/utils/noteTemplateMessages.js
FN:1,messageForNoteResult
FNF:1
FNH:1
FNDA:7,messageForNoteResult
DA:2,7
DA:4,6
DA:6,1
DA:9,1
DA:12,1
DA:15,1
DA:18,1
DA:21,1
LF:8
LH:8
BRDA:2,0,0,1
BRDA:2,0,1,6
BRDA:4,1,0,1
BRDA:4,1,1,1
BRDA:4,1,2,1
BRDA:4,1,3,1
BRDA:4,1,4,1
BRDA:4,1,5,1
BRF:8
BRH:8
end_of_record
TN:
SF:lib/utils/noteTemplateService.js
FN:1,processNoteTitle
FN:23,findIfNoteExists
FN:35,createNoteFromTemplate
FN:40,(anonymous_3)
FN:56,openPeriodicNote
FNF:5
FNH:5
FNDA:11,processNoteTitle
FNDA:5,findIfNoteExists
FNDA:2,createNoteFromTemplate
FNDA:4,(anonymous_3)
FNDA:4,openPeriodicNote
DA:3,11
DA:5,11
DA:7,11
DA:9,11
DA:11,11
DA:13,11
DA:15,11
DA:17,11
DA:19,11
DA:24,5
DA:25,5
DA:26,4
DA:27,2
DA:28,2
DA:30,2
DA:36,2
DA:39,2
DA:40,4
DA:44,2
DA:50,2
DA:51,2
DA:53,2
DA:57,4
DA:59,4
DA:60,1
DA:65,3
DA:66,3
DA:68,2
DA:69,1
DA:70,1
DA:75,1
DA:76,1
DA:82,1
DA:84,1
DA:86,1
LF:35
LH:35
BRDA:26,0,0,2
BRDA:26,0,1,2
BRDA:39,1,0,2
BRDA:39,1,1,0
BRDA:56,2,0,3
BRDA:59,3,0,1
BRDA:59,3,1,3
BRDA:68,4,0,1
BRDA:68,4,1,1
BRF:9
BRH:8
end_of_record
