TN:
SF:lib/plugin.js
FN:15,(anonymous_0)
FN:36,(anonymous_1)
FN:57,(anonymous_2)
FN:78,(anonymous_3)
FN:99,(anonymous_4)
FNF:5
FNH:5
FNDA:3,(anonymous_0)
FNDA:3,(anonymous_1)
FNDA:3,(anonymous_2)
FNDA:3,(anonymous_3)
FNDA:3,(anonymous_4)
DA:4,1
DA:16,3
DA:18,3
DA:19,1
DA:20,1
DA:23,2
DA:29,2
DA:31,2
DA:32,1
DA:37,3
DA:39,3
DA:40,1
DA:41,1
DA:44,2
DA:50,2
DA:52,2
DA:53,1
DA:58,3
DA:60,3
DA:61,1
DA:62,1
DA:65,2
DA:71,2
DA:73,2
DA:74,1
DA:79,3
DA:81,3
DA:82,1
DA:83,1
DA:86,2
DA:92,2
DA:94,2
DA:95,1
DA:100,3
DA:102,3
DA:103,1
DA:104,1
DA:107,2
DA:113,2
DA:115,2
DA:116,1
LF:41
LH:41
BRDA:18,0,0,1
BRDA:18,0,1,2
BRDA:31,1,0,1
BRDA:31,1,1,1
BRDA:39,2,0,1
BRDA:39,2,1,2
BRDA:52,3,0,1
BRDA:52,3,1,1
BRDA:60,4,0,1
BRDA:60,4,1,2
BRDA:73,5,0,1
BRDA:73,5,1,1
BRDA:81,6,0,1
BRDA:81,6,1,2
BRDA:94,7,0,1
BRDA:94,7,1,1
BRDA:102,8,0,1
BRDA:102,8,1,2
BRDA:115,9,0,1
BRDA:115,9,1,1
BRF:20
BRH:20
end_of_record
TN:
SF:lib/utils/noteTemplateMessages.js
FN:1,messageForNoteResult
FNF:1
FNH:1
FNDA:7,messageForNoteResult
DA:2,7
DA:4,6
DA:6,1
DA:9,1
DA:12,1
DA:15,1
DA:18,1
DA:21,1
LF:8
LH:8
BRDA:2,0,0,1
BRDA:2,0,1,6
BRDA:4,1,0,1
BRDA:4,1,1,1
BRDA:4,1,2,1
BRDA:4,1,3,1
BRDA:4,1,4,1
BRDA:4,1,5,1
BRF:8
BRH:8
end_of_record
TN:
SF:lib/utils/noteTemplateService.js
FN:1,processNoteTitle
FN:23,findIfNoteExists
FN:35,createNoteFromTemplate
FN:40,(anonymous_3)
FN:56,openPeriodicNote
FNF:5
FNH:5
FNDA:11,processNoteTitle
FNDA:5,findIfNoteExists
FNDA:2,createNoteFromTemplate
FNDA:4,(anonymous_3)
FNDA:4,openPeriodicNote
DA:3,11
DA:5,11
DA:7,11
DA:9,11
DA:11,11
DA:13,11
DA:15,11
DA:17,11
DA:19,11
DA:24,5
DA:25,5
DA:26,4
DA:27,2
DA:28,2
DA:30,2
DA:36,2
DA:39,2
DA:40,4
DA:44,2
DA:50,2
DA:51,2
DA:53,2
DA:57,4
DA:59,4
DA:60,1
DA:65,3
DA:66,3
DA:68,2
DA:69,1
DA:70,1
DA:75,1
DA:76,1
DA:82,1
DA:84,1
DA:86,1
LF:35
LH:35
BRDA:26,0,0,2
BRDA:26,0,1,2
BRDA:39,1,0,2
BRDA:39,1,1,0
BRDA:56,2,0,3
BRDA:59,3,0,1
BRDA:59,3,1,3
BRDA:68,4,0,1
BRDA:68,4,1,1
BRF:9
BRH:8
end_of_record
